\BOOKMARK [1][-]{section.1}{\376\377\122\115\212\000}{}% 1
\BOOKMARK [1][-]{section.2}{\376\377\123\117\117\134\147\072\126\150\116\272\166\204\163\260\162\266\124\214\123\321\134\125\162\266\121\265\214\003\170\024}{}% 2
\BOOKMARK [1][-]{section.3}{\376\377\147\072\126\150\116\272\136\372\152\041}{}% 3
\BOOKMARK [2][-]{subsection.3.1}{\376\377\116\011\176\364\136\372\152\041}{section.3}% 4
\BOOKMARK [2][-]{subsection.3.2}{\376\377\173\200\123\125\217\320\122\250\152\041\142\337}{section.3}% 5
\BOOKMARK [2][-]{subsection.3.3}{\376\377\217\320\122\250\152\041\142\337\116\377\167\037\156\062\147\323}{section.3}% 6
\BOOKMARK [2][-]{subsection.3.4}{\376\377\136\224\122\233\116\377\167\037\122\006\147\220}{section.3}% 7
\BOOKMARK [2][-]{subsection.3.5}{\376\377\213\357\135\356\122\006\147\220}{section.3}% 8
\BOOKMARK [1][-]{section.4}{\376\377\147\120\145\231\116\016\220\011\127\213}{}% 9
\BOOKMARK [2][-]{subsection.4.1}{\376\377\147\120\145\231\220\011\142\351}{section.4}% 10
\BOOKMARK [2][-]{subsection.4.2}{\376\377\165\065\147\072\060\001\121\317\220\037\126\150\220\011\127\213}{section.4}% 11
\BOOKMARK [1][-]{section.5}{\376\377\135\345\117\134\172\172\225\364}{}% 12
\BOOKMARK [2][-]{subsection.5.1}{\376\377\200\314\146\157\116\313\176\315}{section.5}% 13
\BOOKMARK [2][-]{subsection.5.2}{\376\377\117\040\176\337\000M\000e\000n\000t\000o\000\040\000C\000a\000r\000l\000o\145\271\154\325}{section.5}% 14
\BOOKMARK [2][-]{subsection.5.3}{\376\377\145\071\217\333\000M\000e\000n\000t\000o\000\040\000C\000a\000r\000l\000o\145\271\154\325}{section.5}% 15
\BOOKMARK [2][-]{subsection.5.4}{\376\377\133\236\117\213\154\102\211\343}{section.5}% 16
\BOOKMARK [1][-]{section.6}{\376\377\145\160\133\146\136\372\152\041\124\214\213\241\173\227}{}% 17
\BOOKMARK [2][-]{subsection.6.1}{\376\377\145\071\217\333\000D\000H\123\302\145\160\210\150}{section.6}% 18
\BOOKMARK [2][-]{subsection.6.2}{\376\377\000J\000a\000c\000o\000b\000i\167\351\226\065}{section.6}% 19
\BOOKMARK [2][-]{subsection.6.3}{\376\377\133\211\210\305\145\271\137\017\124\214\201\352\221\315\153\324\213\241\173\227}{section.6}% 20
\BOOKMARK [1][-]{section.7}{\376\377\217\320\122\250\133\146\213\241\173\227\124\214\133\236\163\260}{}% 21
\BOOKMARK [2][-]{subsection.7.1}{\376\377\153\143\124\021\217\320\122\250\133\146}{section.7}% 22
\BOOKMARK [2][-]{subsection.7.2}{\376\377\220\006\124\021\217\320\122\250\133\146}{section.7}% 23
\BOOKMARK [2][-]{subsection.7.3}{\376\377\217\320\122\250\133\146\122\237\200\375\142\323\134\125\133\236\163\260}{section.7}% 24
\BOOKMARK [3][-]{subsubsection.7.3.1}{\376\377\147\053\172\357\127\006\137\142\217\150\217\371\176\330\122\066}{subsection.7.3}% 25
\BOOKMARK [3][-]{subsubsection.7.3.2}{\376\377\172\172\116\055\142\052\162\151\150\300\155\113}{subsection.7.3}% 26
\BOOKMARK [1][-]{section.8}{\376\377\122\250\122\233\133\146\213\241\173\227\124\214\133\236\163\260}{}% 27
\BOOKMARK [2][-]{subsection.8.1}{\376\377\000L\000a\000g\000r\000a\000n\000g\000e\145\271\172\013\154\102\211\343}{section.8}% 28
\BOOKMARK [2][-]{subsection.8.2}{\376\377\153\143\124\021\122\250\122\233\133\146}{section.8}% 29
\BOOKMARK [2][-]{subsection.8.3}{\376\377\220\006\124\021\122\250\122\233\133\146}{section.8}% 30
\BOOKMARK [1][-]{section.9}{\376\377\217\320\122\250\143\247\122\066\116\016\116\377\167\037}{}% 31
\BOOKMARK [2][-]{subsection.9.1}{\376\377\127\372\116\216\152\041\127\213\166\204\217\320\122\250\133\146\116\377\167\037}{section.9}% 32
\BOOKMARK [2][-]{subsection.9.2}{\376\377\127\372\116\216\152\041\127\213\166\204\122\250\122\233\133\146\116\377\167\037\123\312\000P\000I\000D\143\247\122\066}{section.9}% 33
\BOOKMARK [2][-]{subsection.9.3}{\376\377\135\345\116\032\165\114\147\072\126\150\116\272\143\247\122\066\164\006\213\272\123\312\220\350\122\006\131\015\163\260}{section.9}% 34
\BOOKMARK [3][-]{subsubsection.9.3.1}{\376\377\220\037\136\246\163\257\143\247\122\066}{subsection.9.3}% 35
\BOOKMARK [3][-]{subsubsection.9.3.2}{\376\377\117\115\177\156\163\257\143\247\122\066}{subsection.9.3}% 36
\BOOKMARK [1][-]{section.10}{\376\377\000R\000e\000f\000e\000r\000e\000n\000c\000e}{}% 37
\BOOKMARK [1][-]{section.11}{\376\377\000A\000p\000p\000e\000n\000d\000i\000x}{}% 38
